<?xml version="1.0" encoding="UTF-8"?>
<!-- Generated by org.testng.reporters.JUnitXMLReporter -->
<testsuite hostname="DayBreak.local" ignored="0" name="/Users/leitianxiao/Documents/XunitDemo" tests="11" failures="0" timestamp="09 八月 2019 16:35:18 GMT" time="0.034" errors="0">
  <testcase name="testUserLogin" time="0.006" classname="TestXunit.LoginTest"/>
  <testcase name="testUserLogin" time="0.0" classname="TestXunit.LoginTest"/>
  <testcase name="testUserLogin" time="0.0" classname="TestXunit.LoginTest"/>
  <testcase name="testUserLogin" time="0.0" classname="TestXunit.LoginTest"/>
  <testcase name="testGetPrice" time="0.001" classname="TestXunit.ShoppingTest"/>
  <testcase name="testGetPrice" time="0.0" classname="TestXunit.ShoppingTest"/>
  <testcase name="testGetPrice" time="0.0" classname="TestXunit.ShoppingTest"/>
  <testcase name="testGetPrice" time="0.001" classname="TestXunit.ShoppingTest"/>
  <testcase name="testGetPrice" time="0.001" classname="TestXunit.ShoppingTest"/>
  <testcase name="testGetPrice" time="0.0" classname="TestXunit.ShoppingTest"/>
  <testcase name="testGetPrice" time="0.0" classname="TestXunit.ShoppingTest"/>
</testsuite> <!-- /Users/leitianxiao/Documents/XunitDemo -->
