<?xml version="1.0" encoding="UTF-8"?>
<!-- Generated by org.testng.reporters.JUnitXMLReporter -->
<testsuite hostname="DayBreak.local" ignored="0" name="/Users/leitianxiao/Documents/XunitDemo" tests="11" failures="0" timestamp="10 八月 2019 16:36:49 GMT" time="0.33" errors="0">
  <testcase name="testUserLogin" time="0.132" classname="TestXunit.LoginTest"/>
  <testcase name="testUserLogin" time="0.006" classname="TestXunit.LoginTest"/>
  <testcase name="testUserLogin" time="0.006" classname="TestXunit.LoginTest"/>
  <testcase name="testUserLogin" time="0.006" classname="TestXunit.LoginTest"/>
  <testcase name="testGetPrice" time="0.003" classname="TestXunit.ShoppingTest"/>
  <testcase name="testGetPrice" time="0.002" classname="TestXunit.ShoppingTest"/>
  <testcase name="testGetPrice" time="0.001" classname="TestXunit.ShoppingTest"/>
  <testcase name="testGetPrice" time="0.002" classname="TestXunit.ShoppingTest"/>
  <testcase name="testGetPrice" time="0.001" classname="TestXunit.ShoppingTest"/>
  <testcase name="testGetPrice" time="0.002" classname="TestXunit.ShoppingTest"/>
  <testcase name="testGetPrice" time="0.002" classname="TestXunit.ShoppingTest"/>
</testsuite> <!-- /Users/leitianxiao/Documents/XunitDemo -->
